\BOOKMARK [1][-]{Doc-Start}{\376\377\144\130\211\201}{}% 1
\BOOKMARK [1][-]{Doc-Start}{\376\377\000A\000b\000s\000t\000r\000a\000c\000t}{}% 2
\BOOKMARK [1][-]{Doc-Start}{\376\377\166\356\137\125}{}% 3
\BOOKMARK [1][-]{section.1}{\376\377\176\352\213\272}{}% 4
\BOOKMARK [2][-]{subsection.1.1}{\376\377\137\025\212\000}{section.1}% 5
\BOOKMARK [2][-]{subsection.1.2}{\376\377\170\024\172\166\200\314\146\157}{section.1}% 6
\BOOKMARK [2][-]{subsection.1.3}{\376\377\170\024\172\166\163\260\162\266}{section.1}% 7
\BOOKMARK [2][-]{subsection.1.4}{\376\377\213\272\145\207\176\323\147\204}{section.1}% 8
\BOOKMARK [1][-]{section.2}{\376\377\123\167\171\357\171\136\176\317\177\121\176\334\166\204\127\372\170\100\167\345\213\306}{}% 9
\BOOKMARK [2][-]{subsection.2.1}{\376\377\123\167\171\357\171\136\176\317\177\121\176\334\166\204\177\121\176\334\176\323\147\204}{section.2}% 10
\BOOKMARK [3][-]{subsubsection.2.1.1}{\376\377\217\223\121\145\134\102}{subsection.2.1}% 11
\BOOKMARK [3][-]{subsubsection.2.1.2}{\376\377\217\223\121\372}{subsection.2.1}% 12
\BOOKMARK [2][-]{subsection.2.2}{\376\377\123\167\171\357\171\136\176\317\177\121\176\334\166\204\133\146\116\140\211\304\137\213}{section.2}% 13
\BOOKMARK [3][-]{subsubsection.2.2.1}{\376\377\122\115\124\021\117\040\144\255}{subsection.2.2}% 14
\BOOKMARK [3][-]{subsubsection.2.2.2}{\376\377\123\315\124\021\117\040\144\255}{subsection.2.2}% 15
\BOOKMARK [3][-]{subsubsection.2.2.3}{\376\377\133\146\116\140\162\171\137\201\126\376\166\204\176\304\124\010}{subsection.2.2}% 16
\BOOKMARK [2][-]{subsection.2.3}{\376\377\147\054\172\340\134\017\176\323}{section.2}% 17
\BOOKMARK [1][-]{section.3}{\376\377\127\372\116\216\123\167\171\357\171\136\176\317\166\204\142\113\121\231\145\160\133\127\123\312\121\231\133\127\116\272\213\306\122\053\173\227\154\325\213\276\213\241}{}% 18
\BOOKMARK [2][-]{subsection.3.1}{\376\377\217\223\121\145\217\223\121\372\134\102\166\204\213\276\213\241}{section.3}% 19
\BOOKMARK [2][-]{subsection.3.2}{\376\377\226\220\205\317\134\102\166\204\213\276\213\241}{section.3}% 20
\BOOKMARK [2][-]{subsection.3.3}{\376\377\147\054\172\340\134\017\176\323}{section.3}% 21
\BOOKMARK [1][-]{section.4}{\376\377\142\113\121\231\145\160\133\127\123\312\121\231\133\127\116\272\213\306\122\053\133\236\232\214\217\307\172\013\123\312\121\166\176\323\147\234}{}% 22
\BOOKMARK [2][-]{subsection.4.1}{\376\377\142\113\121\231\145\160\133\127\213\306\122\053\133\236\232\214}{section.4}% 23
\BOOKMARK [3][-]{subsubsection.4.1.1}{\376\377\150\067\147\054\173\200\116\313}{subsection.4.1}% 24
\BOOKMARK [3][-]{subsubsection.4.1.2}{\376\377\000W\000r\000i\000t\000e\000r\000\040\000D\000e\000p\000e\000n\000d\174\173\145\160\133\127\213\306\122\053\133\236\232\214}{subsection.4.1}% 25
\BOOKMARK [3][-]{subsubsection.4.1.3}{\376\377\000W\000r\000i\000t\000e\000r\000\040\000D\000e\000p\000e\000n\000d\174\173\145\160\133\127\213\306\122\053\133\236\232\214\176\323\147\234\122\006\147\220}{subsection.4.1}% 26
\BOOKMARK [1][-]{section*.3}{\376\377\176\323\213\272}{}% 27
\BOOKMARK [2][-]{subsection*.5}{\376\377\0001\000.\213\272\145\207\135\345\117\134\140\073\176\323}{section*.3}% 28
\BOOKMARK [2][-]{subsection*.6}{\376\377\0002\000.\135\345\117\134\134\125\147\033}{section*.3}% 29
\BOOKMARK [1][-]{section*.7}{\376\377\123\302\200\003\145\207\163\056}{}% 30
\BOOKMARK [1][-]{section*.8}{\376\377\201\364\214\042}{}% 31
